[2026-03-23T14:47:54+00:00] WARN set_leverage: leverage not modified (ErrCode: 110043) (ErrTime: 14:47:54).
Request → POST https://api-demo.bybit.com/v5/position/set-leverage: {"category": "linear", "symbol": "BTCUSDT", "buyLeverage": "20", "sellLeverage": "20"}.
[2026-03-23T14:47:54+00:00] endpoint=https://api-demo.bybit.com symbol=BTCUSDT tf=15 lev=20x
[2026-03-23T14:47:55+00:00] ENTRY BTCUSDT side=Buy last=71320.6 qty=1.325 SL=70552.92575164234 TP=73239.78562089415 atr=479.79640522353765
[2026-03-23T14:48:55+00:00] HOLD BTCUSDT Buy size=1.325 avg=71320.6 uPnL=-156.62825
[2026-03-23T14:49:55+00:00] HOLD BTCUSDT Buy size=1.325 avg=71320.6 uPnL=-206.5675
[2026-03-23T14:50:55+00:00] HOLD BTCUSDT Buy size=1.325 avg=71320.6 uPnL=-265.17225
[2026-03-23T14:51:55+00:00] HOLD BTCUSDT Buy size=1.325 avg=71320.6 uPnL=-180.412
[2026-03-23T14:52:55+00:00] HOLD BTCUSDT Buy size=1.325 avg=71320.6 uPnL=-268.53775
[2026-03-23T14:53:56+00:00] HOLD BTCUSDT Buy size=1.325 avg=71320.6 uPnL=-166.42
[2026-03-23T14:54:56+00:00] HOLD BTCUSDT Buy size=1.325 avg=71320.6 uPnL=-144.531
[2026-03-23T14:55:56+00:00] HOLD BTCUSDT Buy size=1.325 avg=71320.6 uPnL=-117.88525
[2026-03-23T14:56:56+00:00] HOLD BTCUSDT Buy size=1.325 avg=71320.6 uPnL=62.7255
[2026-03-23T14:57:56+00:00] HOLD BTCUSDT Buy size=1.325 avg=71320.6 uPnL=83.99175
[2026-03-23T14:58:56+00:00] HOLD BTCUSDT Buy size=1.325 avg=71320.6 uPnL=199.916
[2026-03-23T14:59:56+00:00] HOLD BTCUSDT Buy size=1.325 avg=71320.6 uPnL=167.4535
[2026-03-23T15:00:57+00:00] HOLD BTCUSDT Buy size=1.325 avg=71320.6 uPnL=200.4195
[2026-03-23T15:01:57+00:00] HOLD BTCUSDT Buy size=1.325 avg=71320.6 uPnL=257.9775
[2026-03-23T15:02:57+00:00] HOLD BTCUSDT Buy size=1.325 avg=71320.6 uPnL=396.8375
[2026-03-23T15:03:57+00:00] HOLD BTCUSDT Buy size=1.325 avg=71320.6 uPnL=294.15
[2026-03-23T15:04:58+00:00] HOLD BTCUSDT Buy size=1.325 avg=71320.6 uPnL=261.43575
[2026-03-23T15:05:58+00:00] HOLD BTCUSDT Buy size=1.325 avg=71320.6 uPnL=247.20525
[2026-03-23T15:06:59+00:00] HOLD BTCUSDT Buy size=1.325 avg=71320.6 uPnL=122.5625
[2026-03-23T15:07:59+00:00] HOLD BTCUSDT Buy size=1.325 avg=71320.6 uPnL=212.6625
[2026-03-23T15:08:59+00:00] HOLD BTCUSDT Buy size=1.325 avg=71320.6 uPnL=156.191
[2026-03-23T15:10:00+00:00] HOLD BTCUSDT Buy size=1.325 avg=71320.6 uPnL=129.57175
[2026-03-23T15:11:00+00:00] HOLD BTCUSDT Buy size=1.325 avg=71320.6 uPnL=97.9175
[2026-03-23T15:12:00+00:00] HOLD BTCUSDT Buy size=1.325 avg=71320.6 uPnL=58.39275
[2026-03-23T15:13:00+00:00] HOLD BTCUSDT Buy size=1.325 avg=71320.6 uPnL=46.9845
[2026-03-23T15:14:00+00:00] HOLD BTCUSDT Buy size=1.325 avg=71320.6 uPnL=36.2255
[2026-03-23T15:15:00+00:00] HOLD BTCUSDT Buy size=1.325 avg=71320.6 uPnL=21.5975
[2026-03-23T15:16:01+00:00] HOLD BTCUSDT Buy size=1.325 avg=71320.6 uPnL=18.815
[2026-03-23T15:17:01+00:00] HOLD BTCUSDT Buy size=1.325 avg=71320.6 uPnL=-61.215
[2026-03-23T15:18:01+00:00] HOLD BTCUSDT Buy size=1.325 avg=71320.6 uPnL=-232.3785
[2026-03-23T15:19:01+00:00] HOLD BTCUSDT Buy size=1.325 avg=71320.6 uPnL=-295.8725
[2026-03-23T15:20:01+00:00] HOLD BTCUSDT Buy size=1.325 avg=71320.6 uPnL=-311.958
[2026-03-23T15:21:01+00:00] HOLD BTCUSDT Buy size=1.325 avg=71320.6 uPnL=-387.89375
[2026-03-23T15:22:02+00:00] HOLD BTCUSDT Buy size=1.325 avg=71320.6 uPnL=-436.455
[2026-03-23T15:23:02+00:00] HOLD BTCUSDT Buy size=1.325 avg=71320.6 uPnL=-378.95
[2026-03-23T15:24:02+00:00] HOLD BTCUSDT Buy size=1.325 avg=71320.6 uPnL=-346.71275
[2026-03-23T15:25:02+00:00] HOLD BTCUSDT Buy size=1.325 avg=71320.6 uPnL=-445.16025
[2026-03-23T15:26:02+00:00] HOLD BTCUSDT Buy size=1.325 avg=71320.6 uPnL=-478.9875
[2026-03-23T15:27:02+00:00] HOLD BTCUSDT Buy size=1.325 avg=71320.6 uPnL=-561.27
[2026-03-23T15:28:03+00:00] HOLD BTCUSDT Buy size=1.325 avg=71320.6 uPnL=-595.985
[2026-03-23T15:29:03+00:00] HOLD BTCUSDT Buy size=1.325 avg=71320.6 uPnL=-599.43
[2026-03-23T15:30:03+00:00] HOLD BTCUSDT Buy size=1.325 avg=71320.6 uPnL=-603.31225
[2026-03-23T15:31:04+00:00] HOLD BTCUSDT Buy size=1.325 avg=71320.6 uPnL=-641.1675
[2026-03-23T15:32:04+00:00] HOLD BTCUSDT Buy size=1.325 avg=71320.6 uPnL=-603.405
[2026-03-23T15:33:04+00:00] HOLD BTCUSDT Buy size=1.325 avg=71320.6 uPnL=-578.16375
[2026-03-23T15:34:05+00:00] HOLD BTCUSDT Buy size=1.325 avg=71320.6 uPnL=-606.055
[2026-03-23T15:35:05+00:00] HOLD BTCUSDT Buy size=1.325 avg=71320.6 uPnL=-738.502
[2026-03-23T15:36:05+00:00] HOLD BTCUSDT Buy size=1.325 avg=71320.6 uPnL=-714.016
[2026-03-23T15:37:06+00:00] HOLD BTCUSDT Buy size=1.325 avg=71320.6 uPnL=-697.48
[2026-03-23T15:38:06+00:00] HOLD BTCUSDT Buy size=1.325 avg=71320.6 uPnL=-661.1485
[2026-03-23T15:39:06+00:00] HOLD BTCUSDT Buy size=1.325 avg=71320.6 uPnL=-798.74975
[2026-03-23T15:40:06+00:00] HOLD BTCUSDT Buy size=1.325 avg=71320.6 uPnL=-746.3725
[2026-03-23T15:41:07+00:00] HOLD BTCUSDT Buy size=1.325 avg=71320.6 uPnL=-871.59825
[2026-03-23T15:42:07+00:00] HOLD BTCUSDT Buy size=1.325 avg=71320.6 uPnL=-783.19425
[2026-03-23T15:43:08+00:00] HOLD BTCUSDT Buy size=1.325 avg=71320.6 uPnL=-875.242
[2026-03-23T15:44:08+00:00] ENTRY BTCUSDT side=Buy last=70560.8 qty=1.32 SL=69798.52005708622 TP=72466.49985728443 atr=476.42496432110926
[2026-03-23T15:45:08+00:00] HOLD BTCUSDT Buy size=1.32 avg=70563.6 uPnL=41.448
[2026-03-23T15:46:08+00:00] HOLD BTCUSDT Buy size=1.32 avg=70563.6 uPnL=-42.7548
[2026-03-23T15:47:08+00:00] HOLD BTCUSDT Buy size=1.32 avg=70563.6 uPnL=-90.4068
[2026-03-23T15:48:09+00:00] HOLD BTCUSDT Buy size=1.32 avg=70563.6 uPnL=99.132
[2026-03-23T15:49:09+00:00] HOLD BTCUSDT Buy size=1.32 avg=70563.6 uPnL=220.308
[2026-03-23T15:50:09+00:00] HOLD BTCUSDT Buy size=1.32 avg=70563.6 uPnL=309.408
[2026-03-23T15:51:09+00:00] HOLD BTCUSDT Buy size=1.32 avg=70563.6 uPnL=295.284
[2026-03-23T15:52:09+00:00] HOLD BTCUSDT Buy size=1.32 avg=70563.6 uPnL=239.7252
[2026-03-23T15:53:10+00:00] HOLD BTCUSDT Buy size=1.32 avg=70563.6 uPnL=-123.024
[2026-03-23T15:54:10+00:00] HOLD BTCUSDT Buy size=1.32 avg=70563.6 uPnL=-391.512
[2026-03-23T15:55:10+00:00] HOLD BTCUSDT Buy size=1.32 avg=70563.6 uPnL=-401.0556
[2026-03-23T15:56:10+00:00] HOLD BTCUSDT Buy size=1.32 avg=70563.6 uPnL=-373.164
[2026-03-23T15:57:11+00:00] HOLD BTCUSDT Buy size=1.32 avg=70563.6 uPnL=-494.208
[2026-03-23T15:58:11+00:00] HOLD BTCUSDT Buy size=1.32 avg=70563.6 uPnL=-496.32
[2026-03-23T15:59:11+00:00] HOLD BTCUSDT Buy size=1.32 avg=70563.6 uPnL=-653.598
[2026-03-23T16:00:11+00:00] HOLD BTCUSDT Buy size=1.32 avg=70563.6 uPnL=-543.972
[2026-03-23T16:01:12+00:00] HOLD BTCUSDT Buy size=1.32 avg=70563.6 uPnL=-527.736
[2026-03-23T16:02:12+00:00] HOLD BTCUSDT Buy size=1.32 avg=70563.6 uPnL=-424.1952
[2026-03-23T16:03:12+00:00] HOLD BTCUSDT Buy size=1.32 avg=70563.6 uPnL=-371.976
[2026-03-23T16:04:13+00:00] HOLD BTCUSDT Buy size=1.32 avg=70563.6 uPnL=-455.6904
[2026-03-23T16:05:13+00:00] HOLD BTCUSDT Buy size=1.32 avg=70563.6 uPnL=-469.524
[2026-03-23T16:06:13+00:00] HOLD BTCUSDT Buy size=1.32 avg=70563.6 uPnL=-545.8992
[2026-03-23T16:07:14+00:00] HOLD BTCUSDT Buy size=1.32 avg=70563.6 uPnL=-277.464
[2026-03-23T16:08:15+00:00] HOLD BTCUSDT Buy size=1.32 avg=70563.6 uPnL=-332.244
[2026-03-23T16:09:15+00:00] HOLD BTCUSDT Buy size=1.32 avg=70563.6 uPnL=-274.8108
[2026-03-23T16:10:15+00:00] HOLD BTCUSDT Buy size=1.32 avg=70563.6 uPnL=-321.1296
[2026-03-23T16:11:15+00:00] HOLD BTCUSDT Buy size=1.32 avg=70563.6 uPnL=-191.796
[2026-03-23T16:12:16+00:00] HOLD BTCUSDT Buy size=1.32 avg=70563.6 uPnL=-196.8384
[2026-03-23T16:13:16+00:00] HOLD BTCUSDT Buy size=1.32 avg=70563.6 uPnL=-144.4872
[2026-03-23T16:14:16+00:00] HOLD BTCUSDT Buy size=1.32 avg=70563.6 uPnL=-142.824
[2026-03-23T16:15:16+00:00] HOLD BTCUSDT Buy size=1.32 avg=70563.6 uPnL=-87.252
[2026-03-23T16:16:17+00:00] HOLD BTCUSDT Buy size=1.32 avg=70563.6 uPnL=-241.4148
[2026-03-23T16:17:17+00:00] HOLD BTCUSDT Buy size=1.32 avg=70563.6 uPnL=-222.6312
[2026-03-23T16:18:17+00:00] HOLD BTCUSDT Buy size=1.32 avg=70563.6 uPnL=-298.848
[2026-03-23T16:19:18+00:00] HOLD BTCUSDT Buy size=1.32 avg=70563.6 uPnL=-364.7292
[2026-03-23T16:20:18+00:00] HOLD BTCUSDT Buy size=1.32 avg=70563.6 uPnL=-375.276
[2026-03-23T16:21:18+00:00] HOLD BTCUSDT Buy size=1.32 avg=70563.6 uPnL=-421.872
[2026-03-23T16:22:18+00:00] HOLD BTCUSDT Buy size=1.32 avg=70563.6 uPnL=-490.116
[2026-03-23T16:23:18+00:00] HOLD BTCUSDT Buy size=1.32 avg=70563.6 uPnL=-359.4228
[2026-03-23T16:24:18+00:00] HOLD BTCUSDT Buy size=1.32 avg=70563.6 uPnL=-265.452
[2026-03-23T16:25:19+00:00] HOLD BTCUSDT Buy size=1.32 avg=70563.6 uPnL=-357.9048
[2026-03-23T16:26:19+00:00] HOLD BTCUSDT Buy size=1.32 avg=70563.6 uPnL=-398.64
[2026-03-23T16:27:19+00:00] HOLD BTCUSDT Buy size=1.32 avg=70563.6 uPnL=-369.468
[2026-03-23T16:28:19+00:00] HOLD BTCUSDT Buy size=1.32 avg=70563.6 uPnL=-385.044
[2026-03-23T16:29:19+00:00] HOLD BTCUSDT Buy size=1.32 avg=70563.6 uPnL=-449.064
[2026-03-23T16:30:19+00:00] HOLD BTCUSDT Buy size=1.32 avg=70563.6 uPnL=-509.8368
[2026-03-23T16:31:19+00:00] HOLD BTCUSDT Buy size=1.32 avg=70563.6 uPnL=-557.502
[2026-03-23T16:32:20+00:00] HOLD BTCUSDT Buy size=1.32 avg=70563.6 uPnL=-382.0344
[2026-03-23T16:33:20+00:00] HOLD BTCUSDT Buy size=1.32 avg=70563.6 uPnL=-343.464
[2026-03-23T16:34:20+00:00] HOLD BTCUSDT Buy size=1.32 avg=70563.6 uPnL=-308.5104
[2026-03-23T16:35:20+00:00] HOLD BTCUSDT Buy size=1.32 avg=70563.6 uPnL=-153.9384
[2026-03-23T16:36:20+00:00] HOLD BTCUSDT Buy size=1.32 avg=70563.6 uPnL=-177.144
[2026-03-23T16:37:20+00:00] HOLD BTCUSDT Buy size=1.32 avg=70563.6 uPnL=-165.924
[2026-03-23T16:38:21+00:00] HOLD BTCUSDT Buy size=1.32 avg=70563.6 uPnL=-165.0264
[2026-03-23T16:39:21+00:00] HOLD BTCUSDT Buy size=1.32 avg=70563.6 uPnL=-199.98
[2026-03-23T16:40:21+00:00] HOLD BTCUSDT Buy size=1.32 avg=70563.6 uPnL=-271.0488
[2026-03-23T16:41:21+00:00] HOLD BTCUSDT Buy size=1.32 avg=70563.6 uPnL=-222.222
[2026-03-23T16:42:22+00:00] HOLD BTCUSDT Buy size=1.32 avg=70563.6 uPnL=-286.44
[2026-03-23T16:43:22+00:00] HOLD BTCUSDT Buy size=1.32 avg=70563.6 uPnL=-189.948
[2026-03-23T16:44:22+00:00] HOLD BTCUSDT Buy size=1.32 avg=70563.6 uPnL=-171.4152
[2026-03-23T16:45:22+00:00] HOLD BTCUSDT Buy size=1.32 avg=70563.6 uPnL=-178.2
[2026-03-23T16:46:22+00:00] HOLD BTCUSDT Buy size=1.32 avg=70563.6 uPnL=-38.808
[2026-03-23T16:47:22+00:00] HOLD BTCUSDT Buy size=1.32 avg=70563.6 uPnL=135.564
[2026-03-23T16:48:23+00:00] HOLD BTCUSDT Buy size=1.32 avg=70563.6 uPnL=132.4356
[2026-03-23T16:49:23+00:00] HOLD BTCUSDT Buy size=1.32 avg=70563.6 uPnL=110.8272
[2026-03-23T16:50:23+00:00] HOLD BTCUSDT Buy size=1.32 avg=70563.6 uPnL=18.7176
[2026-03-23T16:51:23+00:00] HOLD BTCUSDT Buy size=1.32 avg=70563.6 uPnL=-28.512
[2026-03-23T16:52:23+00:00] HOLD BTCUSDT Buy size=1.32 avg=70563.6 uPnL=-47.784
[2026-03-23T16:53:23+00:00] HOLD BTCUSDT Buy size=1.32 avg=70563.6 uPnL=-28.9608
[2026-03-23T16:54:23+00:00] HOLD BTCUSDT Buy size=1.32 avg=70563.6 uPnL=9.504
[2026-03-23T16:55:24+00:00] HOLD BTCUSDT Buy size=1.32 avg=70563.6 uPnL=23.892
[2026-03-23T16:56:24+00:00] HOLD BTCUSDT Buy size=1.32 avg=70563.6 uPnL=40.656
[2026-03-23T16:57:24+00:00] HOLD BTCUSDT Buy size=1.32 avg=70563.6 uPnL=-6.6132
[2026-03-23T16:58:24+00:00] HOLD BTCUSDT Buy size=1.32 avg=70563.6 uPnL=-104.7024
[2026-03-23T16:59:24+00:00] HOLD BTCUSDT Buy size=1.32 avg=70563.6 uPnL=-26.9412
[2026-03-23T17:00:25+00:00] HOLD BTCUSDT Buy size=1.32 avg=70563.6 uPnL=-4.752
[2026-03-23T17:01:25+00:00] HOLD BTCUSDT Buy size=1.32 avg=70563.6 uPnL=-13.0152
[2026-03-23T17:02:25+00:00] HOLD BTCUSDT Buy size=1.32 avg=70563.6 uPnL=10.9692
[2026-03-23T17:03:25+00:00] HOLD BTCUSDT Buy size=1.32 avg=70563.6 uPnL=-78.408
[2026-03-23T17:04:25+00:00] HOLD BTCUSDT Buy size=1.32 avg=70563.6 uPnL=-15.0612
[2026-03-23T17:05:25+00:00] HOLD BTCUSDT Buy size=1.32 avg=70563.6 uPnL=55.044
[2026-03-23T17:06:25+00:00] HOLD BTCUSDT Buy size=1.32 avg=70563.6 uPnL=-4.3428
[2026-03-23T17:07:26+00:00] HOLD BTCUSDT Buy size=1.32 avg=70563.6 uPnL=59.6904
[2026-03-23T17:08:26+00:00] HOLD BTCUSDT Buy size=1.32 avg=70563.6 uPnL=-41.382
[2026-03-23T17:09:26+00:00] HOLD BTCUSDT Buy size=1.32 avg=70563.6 uPnL=108.768
[2026-03-23T17:10:26+00:00] HOLD BTCUSDT Buy size=1.32 avg=70563.6 uPnL=112.9392
[2026-03-23T17:11:26+00:00] HOLD BTCUSDT Buy size=1.32 avg=70563.6 uPnL=129.1488
[2026-03-23T17:12:26+00:00] HOLD BTCUSDT Buy size=1.32 avg=70563.6 uPnL=178.992
[2026-03-23T17:13:26+00:00] HOLD BTCUSDT Buy size=1.32 avg=70563.6 uPnL=96.624
[2026-03-23T17:14:27+00:00] HOLD BTCUSDT Buy size=1.32 avg=70563.6 uPnL=112.926
[2026-03-23T17:15:27+00:00] HOLD BTCUSDT Buy size=1.32 avg=70563.6 uPnL=40.392
[2026-03-23T17:16:27+00:00] HOLD BTCUSDT Buy size=1.32 avg=70563.6 uPnL=-13.8732
[2026-03-23T17:17:27+00:00] HOLD BTCUSDT Buy size=1.32 avg=70563.6 uPnL=-40.656
[2026-03-23T17:18:27+00:00] HOLD BTCUSDT Buy size=1.32 avg=70563.6 uPnL=58.74
[2026-03-23T17:19:27+00:00] HOLD BTCUSDT Buy size=1.32 avg=70563.6 uPnL=-4.62
[2026-03-23T17:20:27+00:00] HOLD BTCUSDT Buy size=1.32 avg=70563.6 uPnL=-152.328
[2026-03-23T17:21:28+00:00] HOLD BTCUSDT Buy size=1.32 avg=70563.6 uPnL=-219.912
[2026-03-23T17:22:28+00:00] HOLD BTCUSDT Buy size=1.32 avg=70563.6 uPnL=-250.074
[2026-03-23T17:23:28+00:00] HOLD BTCUSDT Buy size=1.32 avg=70563.6 uPnL=-230.7888
[2026-03-23T17:24:28+00:00] HOLD BTCUSDT Buy size=1.32 avg=70563.6 uPnL=-163.416
[2026-03-23T17:25:28+00:00] HOLD BTCUSDT Buy size=1.32 avg=70563.6 uPnL=-63.624
[2026-03-23T17:26:28+00:00] HOLD BTCUSDT Buy size=1.32 avg=70563.6 uPnL=-118.7868
[2026-03-23T17:27:28+00:00] HOLD BTCUSDT Buy size=1.32 avg=70563.6 uPnL=-28.9608
[2026-03-23T17:28:29+00:00] HOLD BTCUSDT Buy size=1.32 avg=70563.6 uPnL=34.848
[2026-03-23T17:29:29+00:00] HOLD BTCUSDT Buy size=1.32 avg=70563.6 uPnL=-69.0228
[2026-03-23T17:30:29+00:00] HOLD BTCUSDT Buy size=1.32 avg=70563.6 uPnL=-36.564
[2026-03-23T17:31:29+00:00] HOLD BTCUSDT Buy size=1.32 avg=70563.6 uPnL=3.3792
[2026-03-23T17:32:29+00:00] HOLD BTCUSDT Buy size=1.32 avg=70563.6 uPnL=62.3172
[2026-03-23T17:33:29+00:00] HOLD BTCUSDT Buy size=1.32 avg=70563.6 uPnL=81.048
[2026-03-23T17:34:29+00:00] HOLD BTCUSDT Buy size=1.32 avg=70563.6 uPnL=261.4788
[2026-03-23T17:35:30+00:00] HOLD BTCUSDT Buy size=1.32 avg=70563.6 uPnL=450.384
[2026-03-23T17:36:30+00:00] HOLD BTCUSDT Buy size=1.32 avg=70563.6 uPnL=462.462
[2026-03-23T17:37:30+00:00] HOLD BTCUSDT Buy size=1.32 avg=70563.6 uPnL=574.992
[2026-03-23T17:38:30+00:00] HOLD BTCUSDT Buy size=1.32 avg=70563.6 uPnL=529.056
[2026-03-23T17:39:30+00:00] HOLD BTCUSDT Buy size=1.32 avg=70563.6 uPnL=529.056
[2026-03-23T17:40:30+00:00] HOLD BTCUSDT Buy size=1.32 avg=70563.6 uPnL=571.5864
[2026-03-23T17:41:30+00:00] HOLD BTCUSDT Buy size=1.32 avg=70563.6 uPnL=453.7368
[2026-03-23T17:42:31+00:00] HOLD BTCUSDT Buy size=1.32 avg=70563.6 uPnL=526.5612
[2026-03-23T17:43:31+00:00] HOLD BTCUSDT Buy size=1.32 avg=70563.6 uPnL=449.856
[2026-03-23T17:44:31+00:00] HOLD BTCUSDT Buy size=1.32 avg=70563.6 uPnL=383.46
[2026-03-23T17:45:31+00:00] HOLD BTCUSDT Buy size=1.32 avg=70563.6 uPnL=398.244
[2026-03-23T17:46:31+00:00] HOLD BTCUSDT Buy size=1.32 avg=70563.6 uPnL=419.1
[2026-03-23T17:47:31+00:00] HOLD BTCUSDT Buy size=1.32 avg=70563.6 uPnL=445.368
[2026-03-23T17:48:31+00:00] HOLD BTCUSDT Buy size=1.32 avg=70563.6 uPnL=461.208
[2026-03-23T17:49:32+00:00] HOLD BTCUSDT Buy size=1.32 avg=70563.6 uPnL=518.1
[2026-03-23T17:50:32+00:00] HOLD BTCUSDT Buy size=1.32 avg=70563.6 uPnL=570.372
[2026-03-23T17:51:32+00:00] HOLD BTCUSDT Buy size=1.32 avg=70563.6 uPnL=482.8032
[2026-03-23T17:52:32+00:00] HOLD BTCUSDT Buy size=1.32 avg=70563.6 uPnL=575.916
[2026-03-23T17:53:32+00:00] HOLD BTCUSDT Buy size=1.32 avg=70563.6 uPnL=615.78
[2026-03-23T17:54:32+00:00] HOLD BTCUSDT Buy size=1.32 avg=70563.6 uPnL=610.368
[2026-03-23T17:55:32+00:00] HOLD BTCUSDT Buy size=1.32 avg=70563.6 uPnL=627.528
[2026-03-23T17:56:33+00:00] HOLD BTCUSDT Buy size=1.32 avg=70563.6 uPnL=671.22
[2026-03-23T17:57:33+00:00] HOLD BTCUSDT Buy size=1.32 avg=70563.6 uPnL=639.9228
[2026-03-23T17:58:33+00:00] HOLD BTCUSDT Buy size=1.32 avg=70563.6 uPnL=651.7368
[2026-03-23T17:59:33+00:00] HOLD BTCUSDT Buy size=1.32 avg=70563.6 uPnL=621.72
[2026-03-23T18:00:33+00:00] HOLD BTCUSDT Buy size=1.32 avg=70563.6 uPnL=614.196
[2026-03-23T18:01:33+00:00] HOLD BTCUSDT Buy size=1.32 avg=70563.6 uPnL=675.6816
[2026-03-23T18:02:33+00:00] HOLD BTCUSDT Buy size=1.32 avg=70563.6 uPnL=674.0976
[2026-03-23T18:03:34+00:00] HOLD BTCUSDT Buy size=1.32 avg=70563.6 uPnL=713.724
[2026-03-23T18:04:34+00:00] HOLD BTCUSDT Buy size=1.32 avg=70563.6 uPnL=735.108
[2026-03-23T18:05:34+00:00] HOLD BTCUSDT Buy size=1.32 avg=70563.6 uPnL=715.044
[2026-03-23T18:06:34+00:00] HOLD BTCUSDT Buy size=1.32 avg=70563.6 uPnL=733.656
[2026-03-23T18:07:34+00:00] HOLD BTCUSDT Buy size=1.32 avg=70563.6 uPnL=507.936
[2026-03-23T18:08:34+00:00] HOLD BTCUSDT Buy size=1.32 avg=70563.6 uPnL=592.878
[2026-03-23T18:09:35+00:00] HOLD BTCUSDT Buy size=1.32 avg=70563.6 uPnL=535.92
[2026-03-23T18:10:35+00:00] HOLD BTCUSDT Buy size=1.32 avg=70563.6 uPnL=572.88
[2026-03-23T18:11:35+00:00] HOLD BTCUSDT Buy size=1.32 avg=70563.6 uPnL=616.44
[2026-03-23T18:12:35+00:00] HOLD BTCUSDT Buy size=1.32 avg=70563.6 uPnL=556.9344
[2026-03-23T18:13:35+00:00] HOLD BTCUSDT Buy size=1.32 avg=70563.6 uPnL=601.1808
[2026-03-23T18:14:35+00:00] HOLD BTCUSDT Buy size=1.32 avg=70563.6 uPnL=564.0888
[2026-03-23T18:15:35+00:00] HOLD BTCUSDT Buy size=1.32 avg=70563.6 uPnL=518.628
[2026-03-23T18:16:36+00:00] HOLD BTCUSDT Buy size=1.32 avg=70563.6 uPnL=505.2036
[2026-03-23T18:17:36+00:00] HOLD BTCUSDT Buy size=1.32 avg=70563.6 uPnL=541.8996
[2026-03-23T18:18:36+00:00] HOLD BTCUSDT Buy size=1.32 avg=70563.6 uPnL=563.5872
[2026-03-23T18:19:36+00:00] HOLD BTCUSDT Buy size=1.32 avg=70563.6 uPnL=548.5392
[2026-03-23T18:20:36+00:00] HOLD BTCUSDT Buy size=1.32 avg=70563.6 uPnL=513.876
[2026-03-23T18:21:37+00:00] HOLD BTCUSDT Buy size=1.32 avg=70563.6 uPnL=503.976
[2026-03-23T18:22:37+00:00] HOLD BTCUSDT Buy size=1.32 avg=70563.6 uPnL=416.2224
[2026-03-23T18:23:37+00:00] HOLD BTCUSDT Buy size=1.32 avg=70563.6 uPnL=421.0404
[2026-03-23T18:24:37+00:00] HOLD BTCUSDT Buy size=1.32 avg=70563.6 uPnL=511.8696
[2026-03-23T18:25:37+00:00] HOLD BTCUSDT Buy size=1.32 avg=70563.6 uPnL=513.3216
[2026-03-23T18:26:37+00:00] HOLD BTCUSDT Buy size=1.32 avg=70563.6 uPnL=488.1492
[2026-03-23T18:27:37+00:00] HOLD BTCUSDT Buy size=1.32 avg=70563.6 uPnL=488.796
[2026-03-23T18:28:37+00:00] HOLD BTCUSDT Buy size=1.32 avg=70563.6 uPnL=428.8416
[2026-03-23T18:29:38+00:00] HOLD BTCUSDT Buy size=1.32 avg=70563.6 uPnL=400.752
[2026-03-23T18:30:38+00:00] HOLD BTCUSDT Buy size=1.32 avg=70563.6 uPnL=444.8268
[2026-03-23T18:31:38+00:00] HOLD BTCUSDT Buy size=1.32 avg=70563.6 uPnL=511.896
[2026-03-23T18:32:38+00:00] HOLD BTCUSDT Buy size=1.32 avg=70563.6 uPnL=521.664
[2026-03-23T18:33:38+00:00] HOLD BTCUSDT Buy size=1.32 avg=70563.6 uPnL=618.552
[2026-03-23T18:34:38+00:00] HOLD BTCUSDT Buy size=1.32 avg=70563.6 uPnL=638.6688
[2026-03-23T18:35:38+00:00] HOLD BTCUSDT Buy size=1.32 avg=70563.6 uPnL=664.0392
[2026-03-23T18:36:39+00:00] HOLD BTCUSDT Buy size=1.32 avg=70563.6 uPnL=713.262
[2026-03-23T18:37:39+00:00] HOLD BTCUSDT Buy size=1.32 avg=70563.6 uPnL=668.316
[2026-03-23T18:38:39+00:00] HOLD BTCUSDT Buy size=1.32 avg=70563.6 uPnL=601.128
[2026-03-23T18:39:39+00:00] HOLD BTCUSDT Buy size=1.32 avg=70563.6 uPnL=565.488
[2026-03-23T18:40:39+00:00] HOLD BTCUSDT Buy size=1.32 avg=70563.6 uPnL=620.004
[2026-03-23T18:41:39+00:00] HOLD BTCUSDT Buy size=1.32 avg=70563.6 uPnL=511.896
[2026-03-23T18:42:39+00:00] HOLD BTCUSDT Buy size=1.32 avg=70563.6 uPnL=546.1632
[2026-03-23T18:43:40+00:00] HOLD BTCUSDT Buy size=1.32 avg=70563.6 uPnL=594.8184
[2026-03-23T18:44:40+00:00] HOLD BTCUSDT Buy size=1.32 avg=70563.6 uPnL=560.472
[2026-03-23T18:45:40+00:00] HOLD BTCUSDT Buy size=1.32 avg=70563.6 uPnL=593.868
[2026-03-23T18:46:40+00:00] HOLD BTCUSDT Buy size=1.32 avg=70563.6 uPnL=616.704
[2026-03-23T18:47:40+00:00] HOLD BTCUSDT Buy size=1.32 avg=70563.6 uPnL=591.9936
[2026-03-23T18:48:40+00:00] HOLD BTCUSDT Buy size=1.32 avg=70563.6 uPnL=621.4296
[2026-03-23T18:49:40+00:00] HOLD BTCUSDT Buy size=1.32 avg=70563.6 uPnL=659.868
[2026-03-23T18:50:41+00:00] HOLD BTCUSDT Buy size=1.32 avg=70563.6 uPnL=667.656
[2026-03-23T18:51:41+00:00] HOLD BTCUSDT Buy size=1.32 avg=70563.6 uPnL=607.5696
[2026-03-23T18:52:41+00:00] HOLD BTCUSDT Buy size=1.32 avg=70563.6 uPnL=518.3904
[2026-03-23T18:53:41+00:00] HOLD BTCUSDT Buy size=1.32 avg=70563.6 uPnL=539.22
[2026-03-23T18:54:41+00:00] HOLD BTCUSDT Buy size=1.32 avg=70563.6 uPnL=533.412
[2026-03-23T18:55:41+00:00] HOLD BTCUSDT Buy size=1.32 avg=70563.6 uPnL=653.1888
[2026-03-23T18:56:41+00:00] HOLD BTCUSDT Buy size=1.32 avg=70563.6 uPnL=577.5132
[2026-03-23T18:57:42+00:00] HOLD BTCUSDT Buy size=1.32 avg=70563.6 uPnL=559.152
[2026-03-23T18:58:42+00:00] HOLD BTCUSDT Buy size=1.32 avg=70563.6 uPnL=583.968
[2026-03-23T18:59:42+00:00] HOLD BTCUSDT Buy size=1.32 avg=70563.6 uPnL=640.332
[2026-03-23T19:00:42+00:00] HOLD BTCUSDT Buy size=1.32 avg=70563.6 uPnL=645.2292
[2026-03-23T19:01:42+00:00] HOLD BTCUSDT Buy size=1.32 avg=70563.6 uPnL=573.144
[2026-03-23T19:02:42+00:00] HOLD BTCUSDT Buy size=1.32 avg=70563.6 uPnL=614.196
[2026-03-23T19:03:42+00:00] HOLD BTCUSDT Buy size=1.32 avg=70563.6 uPnL=581.3412
[2026-03-23T19:04:42+00:00] HOLD BTCUSDT Buy size=1.32 avg=70563.6 uPnL=671.088
[2026-03-23T19:05:43+00:00] HOLD BTCUSDT Buy size=1.32 avg=70563.6 uPnL=736.1244
[2026-03-23T19:06:43+00:00] HOLD BTCUSDT Buy size=1.32 avg=70563.6 uPnL=758.7228
[2026-03-23T19:07:43+00:00] HOLD BTCUSDT Buy size=1.32 avg=70563.6 uPnL=416.592
[2026-03-23T19:08:43+00:00] HOLD BTCUSDT Buy size=1.32 avg=70563.6 uPnL=458.172
[2026-03-23T19:09:43+00:00] HOLD BTCUSDT Buy size=1.32 avg=70563.6 uPnL=522.06
[2026-03-23T19:10:43+00:00] HOLD BTCUSDT Buy size=1.32 avg=70563.6 uPnL=467.0688
[2026-03-23T19:11:43+00:00] HOLD BTCUSDT Buy size=1.32 avg=70563.6 uPnL=489.324
[2026-03-23T19:12:44+00:00] HOLD BTCUSDT Buy size=1.32 avg=70563.6 uPnL=467.4252
[2026-03-23T19:13:44+00:00] HOLD BTCUSDT Buy size=1.32 avg=70563.6 uPnL=454.8852
[2026-03-23T19:14:44+00:00] HOLD BTCUSDT Buy size=1.32 avg=70563.6 uPnL=442.332
[2026-03-24T04:17:49+00:00] ERROR: ('Connection aborted.', RemoteDisconnected('Remote end closed connection without response'))
[2026-03-24T04:17:54+00:00] HOLD BTCUSDT Buy size=1.32 avg=70563.6 uPnL=5.1612
[2026-03-24T04:18:54+00:00] HOLD BTCUSDT Buy size=1.32 avg=70563.6 uPnL=19.074
[2026-03-24T04:19:54+00:00] HOLD BTCUSDT Buy size=1.32 avg=70563.6 uPnL=8.3952
[2026-03-24T04:20:54+00:00] HOLD BTCUSDT Buy size=1.32 avg=70563.6 uPnL=17.82
[2026-03-24T04:21:54+00:00] HOLD BTCUSDT Buy size=1.32 avg=70563.6 uPnL=16.236
[2026-03-24T04:22:55+00:00] HOLD BTCUSDT Buy size=1.32 avg=70563.6 uPnL=11.484
[2026-03-24T04:23:55+00:00] HOLD BTCUSDT Buy size=1.32 avg=70563.6 uPnL=21.516
[2026-03-24T04:24:55+00:00] HOLD BTCUSDT Buy size=1.32 avg=70563.6 uPnL=47.916
[2026-03-24T04:25:55+00:00] HOLD BTCUSDT Buy size=1.32 avg=70563.6 uPnL=-7.656
[2026-03-24T04:26:55+00:00] HOLD BTCUSDT Buy size=1.32 avg=70563.6 uPnL=-34.98
[2026-03-24T04:27:55+00:00] HOLD BTCUSDT Buy size=1.32 avg=70563.6 uPnL=-40.656
[2026-03-24T04:28:55+00:00] HOLD BTCUSDT Buy size=1.32 avg=70563.6 uPnL=-54.4896
[2026-03-24T04:29:56+00:00] HOLD BTCUSDT Buy size=1.32 avg=70563.6 uPnL=-89.3244
[2026-03-24T04:30:56+00:00] HOLD BTCUSDT Buy size=1.32 avg=70563.6 uPnL=-102.3
[2026-03-24T04:31:56+00:00] HOLD BTCUSDT Buy size=1.32 avg=70563.6 uPnL=-256.7004
[2026-03-24T04:32:56+00:00] HOLD BTCUSDT Buy size=1.32 avg=70563.6 uPnL=-381.2688
[2026-03-24T04:33:56+00:00] HOLD BTCUSDT Buy size=1.32 avg=70563.6 uPnL=-316.668
[2026-03-24T04:34:56+00:00] HOLD BTCUSDT Buy size=1.32 avg=70563.6 uPnL=-268.488
[2026-03-24T04:35:57+00:00] HOLD BTCUSDT Buy size=1.32 avg=70563.6 uPnL=-316.3116
[2026-03-24T04:36:57+00:00] HOLD BTCUSDT Buy size=1.32 avg=70563.6 uPnL=-301.224
[2026-03-24T04:37:57+00:00] HOLD BTCUSDT Buy size=1.32 avg=70563.6 uPnL=-309.9624
[2026-03-24T04:38:57+00:00] HOLD BTCUSDT Buy size=1.32 avg=70563.6 uPnL=-326.7
[2026-03-24T04:39:57+00:00] HOLD BTCUSDT Buy size=1.32 avg=70563.6 uPnL=-314.292
[2026-03-24T04:40:57+00:00] HOLD BTCUSDT Buy size=1.32 avg=70563.6 uPnL=-291.984
[2026-03-24T04:41:57+00:00] HOLD BTCUSDT Buy size=1.32 avg=70563.6 uPnL=-321.5652
[2026-03-24T04:42:58+00:00] HOLD BTCUSDT Buy size=1.32 avg=70563.6 uPnL=-349.536
[2026-03-24T04:43:58+00:00] HOLD BTCUSDT Buy size=1.32 avg=70563.6 uPnL=-329.868
[2026-03-24T04:44:58+00:00] HOLD BTCUSDT Buy size=1.32 avg=70563.6 uPnL=-335.6628
[2026-03-24T04:45:58+00:00] HOLD BTCUSDT Buy size=1.32 avg=70563.6 uPnL=-318.78
[2026-03-24T04:46:58+00:00] HOLD BTCUSDT Buy size=1.32 avg=70563.6 uPnL=-315.7044
[2026-03-24T04:47:58+00:00] HOLD BTCUSDT Buy size=1.32 avg=70563.6 uPnL=-330.1188
[2026-03-24T04:48:59+00:00] HOLD BTCUSDT Buy size=1.32 avg=70563.6 uPnL=-363.0528
[2026-03-24T04:49:59+00:00] HOLD BTCUSDT Buy size=1.32 avg=70563.6 uPnL=-391.7628
[2026-03-24T04:50:59+00:00] HOLD BTCUSDT Buy size=1.32 avg=70563.6 uPnL=-384.12
[2026-03-24T04:51:59+00:00] HOLD BTCUSDT Buy size=1.32 avg=70563.6 uPnL=-364.716
[2026-03-24T04:52:59+00:00] HOLD BTCUSDT Buy size=1.32 avg=70563.6 uPnL=-332.508
[2026-03-24T04:53:59+00:00] HOLD BTCUSDT Buy size=1.32 avg=70563.6 uPnL=-279.444
[2026-03-24T04:55:00+00:00] HOLD BTCUSDT Buy size=1.32 avg=70563.6 uPnL=-206.844
[2026-03-24T04:56:00+00:00] HOLD BTCUSDT Buy size=1.32 avg=70563.6 uPnL=-237.072
[2026-03-24T04:57:00+00:00] HOLD BTCUSDT Buy size=1.32 avg=70563.6 uPnL=-273.108
[2026-03-24T04:58:00+00:00] HOLD BTCUSDT Buy size=1.32 avg=70563.6 uPnL=-270.072
